[1/13] round1... 23 questions
[2/13] round2... 23 questions
[3/13] round3... 23 questions
[4/13] round4... 23 questions
[5/13] round5... 23 questions
[6/13] round6... 23 questions
[7/13] round7... 23 questions
[8/13] round8... 23 questions
[9/13] round9... 23 questions
[10/13] round10... 23 questions
[11/13] round11... 23 questions
[12/13] round12... 23 questions
[13/13] round13... 23 questions

=== RESULTS ===
Total: 299
  PHYSICAL_SCIENCE: 104
  EARTH_SPACE: 52
  MATH: 52
  LIFE_SCIENCE: 52
  ENERGY: 39

Saved to C:\Users\raparame\Repos\nsb-coach\scripts\questions-gdrive-mit2020.json
