Loaded 23257 items from JSON
Unique normalized keys: 22798
  processed 2000 DB rows, matched=1998, updated=0
  processed 4000 DB rows, matched=3998, updated=1185
  processed 6000 DB rows, matched=5997, updated=3184
  processed 8000 DB rows, matched=7996, updated=5183
  processed 10000 DB rows, matched=9996, updated=7183
  processed 12000 DB rows, matched=11996, updated=9183
  processed 14000 DB rows, matched=13995, updated=11182
  processed 16000 DB rows, matched=15995, updated=13182
  processed 18000 DB rows, matched=17995, updated=15182
  processed 20000 DB rows, matched=19995, updated=17182
  processed 20820 DB rows, matched=20815, updated=18002

Reclassified: 18002 rows. Inserted new: 1983 rows.

=== Final subject distribution ===
Î“Ă¶Ă®Î“Ă¶Ă‡Î“Ă¶Ă‡Î“Ă¶Ă‡Î“Ă¶Ă‡Î“Ă¶Ă‡Î“Ă¶Ă‡Î“Ă¶Ă‡Î“Ă¶Ă‡Î“Ă¶Ă‡Î“Ă¶ÂĽÎ“Ă¶Ă‡Î“Ă¶Ă‡Î“Ă¶Ă‡Î“Ă¶Ă‡Î“Ă¶Ă‡Î“Ă¶Ă‡Î“Ă¶Ă‡Î“Ă¶Ă‡Î“Ă¶Ă‡Î“Ă¶Ă‡Î“Ă¶Ă‡Î“Ă¶Ă‡Î“Ă¶Ă‡Î“Ă¶Ă‡Î“Ă¶Ă‡Î“Ă¶Ă‡Î“Ă¶Ă‡Î“Ă¶Ă‡Î“Ă¶Ă‡Î“Ă¶Ă‡Î“Ă¶ÂĽÎ“Ă¶Ă‡Î“Ă¶Ă‡Î“Ă¶Ă‡Î“Ă¶Ă‡Î“Ă¶Ă‡Î“Ă¶Ă‡Î“Ă¶Ă‰
Î“Ă¶Ă© (index) Î“Ă¶Ă© subject            Î“Ă¶Ă© n    Î“Ă¶Ă©
Î“Ă¶ÂŁÎ“Ă¶Ă‡Î“Ă¶Ă‡Î“Ă¶Ă‡Î“Ă¶Ă‡Î“Ă¶Ă‡Î“Ă¶Ă‡Î“Ă¶Ă‡Î“Ă¶Ă‡Î“Ă¶Ă‡Î“Ă¶â•ťÎ“Ă¶Ă‡Î“Ă¶Ă‡Î“Ă¶Ă‡Î“Ă¶Ă‡Î“Ă¶Ă‡Î“Ă¶Ă‡Î“Ă¶Ă‡Î“Ă¶Ă‡Î“Ă¶Ă‡Î“Ă¶Ă‡Î“Ă¶Ă‡Î“Ă¶Ă‡Î“Ă¶Ă‡Î“Ă¶Ă‡Î“Ă¶Ă‡Î“Ă¶Ă‡Î“Ă¶Ă‡Î“Ă¶Ă‡Î“Ă¶Ă‡Î“Ă¶Ă‡Î“Ă¶â•ťÎ“Ă¶Ă‡Î“Ă¶Ă‡Î“Ă¶Ă‡Î“Ă¶Ă‡Î“Ă¶Ă‡Î“Ă¶Ă‡Î“Ă¶Ă±
Î“Ă¶Ă© 0       Î“Ă¶Ă© 'MATH'             Î“Ă¶Ă© 6046 Î“Ă¶Ă©
Î“Ă¶Ă© 1       Î“Ă¶Ă© 'EARTH_AND_SPACE'  Î“Ă¶Ă© 4519 Î“Ă¶Ă©
Î“Ă¶Ă© 2       Î“Ă¶Ă© 'ENERGY'           Î“Ă¶Ă© 3521 Î“Ă¶Ă©
Î“Ă¶Ă© 3       Î“Ă¶Ă© 'BIOLOGY'          Î“Ă¶Ă© 3502 Î“Ă¶Ă©
Î“Ă¶Ă© 4       Î“Ă¶Ă© 'CHEMISTRY'        Î“Ă¶Ă© 3304 Î“Ă¶Ă©
Î“Ă¶Ă© 5       Î“Ă¶Ă© 'PHYSICS'          Î“Ă¶Ă© 3246 Î“Ă¶Ă©
Î“Ă¶Ă© 6       Î“Ă¶Ă© 'LIFE_SCIENCE'     Î“Ă¶Ă© 3054 Î“Ă¶Ă©
Î“Ă¶Ă© 7       Î“Ă¶Ă© 'PHYSICAL_SCIENCE' Î“Ă¶Ă© 2947 Î“Ă¶Ă©
Î“Ă¶Ă© 8       Î“Ă¶Ă© 'GENERAL_SCIENCE'  Î“Ă¶Ă© 2835 Î“Ă¶Ă©
Î“Ă¶Ă© 9       Î“Ă¶Ă© 'EARTH_SCIENCE'    Î“Ă¶Ă© 1290 Î“Ă¶Ă©
Î“Ă¶Ă© 10      Î“Ă¶Ă© 'ASTRONOMY'        Î“Ă¶Ă© 388  Î“Ă¶Ă©
Î“Ă¶Ă© 11      Î“Ă¶Ă© 'EARTH_SPACE'      Î“Ă¶Ă© 2    Î“Ă¶Ă©
Î“Ă¶Ă¶Î“Ă¶Ă‡Î“Ă¶Ă‡Î“Ă¶Ă‡Î“Ă¶Ă‡Î“Ă¶Ă‡Î“Ă¶Ă‡Î“Ă¶Ă‡Î“Ă¶Ă‡Î“Ă¶Ă‡Î“Ă¶â”¤Î“Ă¶Ă‡Î“Ă¶Ă‡Î“Ă¶Ă‡Î“Ă¶Ă‡Î“Ă¶Ă‡Î“Ă¶Ă‡Î“Ă¶Ă‡Î“Ă¶Ă‡Î“Ă¶Ă‡Î“Ă¶Ă‡Î“Ă¶Ă‡Î“Ă¶Ă‡Î“Ă¶Ă‡Î“Ă¶Ă‡Î“Ă¶Ă‡Î“Ă¶Ă‡Î“Ă¶Ă‡Î“Ă¶Ă‡Î“Ă¶Ă‡Î“Ă¶Ă‡Î“Ă¶â”¤Î“Ă¶Ă‡Î“Ă¶Ă‡Î“Ă¶Ă‡Î“Ă¶Ă‡Î“Ă¶Ă‡Î“Ă¶Ă‡Î“Ă¶Ăż
TOTAL: 34654
